<?xml version="1.0" encoding="UTF-8"?>
<!-- Generated by org.testng.reporters.JUnitReportReporter -->
<testsuite hostname="DESKTOP-JL3SFV8" failures="0" tests="1" name="userNameText.E2E_Scenario5" time="13.222" errors="0" timestamp="2024-08-08T17:21:36 IST" skipped="0">
  <testcase classname="userNameText.E2E_Scenario5" name="scenario1" time="13.222"/>
</testsuite> <!-- userNameText.E2E_Scenario5 -->
