<?xml version="1.0" encoding="UTF-8"?>
<!-- Generated by org.testng.reporters.JUnitReportReporter -->
<testsuite hostname="DESKTOP-JL3SFV8" failures="0" tests="1" name="integration.Sce_3_EmpDD_DD" time="2.361" errors="0" timestamp="2024-08-09T21:28:57 IST" skipped="0">
  <testcase classname="integration.Sce_3_EmpDD_DD" name="sce_Emp_DD" time="2.361"/>
</testsuite> <!-- integration.Sce_3_EmpDD_DD -->
