<?xml version="1.0" encoding="UTF-8"?>
<!-- Generated by org.testng.reporters.JUnitReportReporter -->
<testsuite hostname="DESKTOP-JL3SFV8" failures="0" tests="1" name="integration.Sce_6_Pro_Emp" time="39.320" errors="0" timestamp="2024-08-10T21:40:48 IST" skipped="0">
  <testcase classname="integration.Sce_6_Pro_Emp" name="pro_Emp" time="39.320"/>
</testsuite> <!-- integration.Sce_6_Pro_Emp -->
