<?xml version="1.0" encoding="UTF-8"?>
<!-- Generated by org.testng.reporters.JUnitReportReporter -->
<testsuite hostname="DESKTOP-JL3SFV8" failures="0" tests="1" name="userNameText.E2E_Scenario2" time="26.173" errors="0" timestamp="2024-08-09T12:49:27 IST" skipped="0">
  <testcase classname="userNameText.E2E_Scenario2" name="scenario1" time="26.173"/>
</testsuite> <!-- userNameText.E2E_Scenario2 -->
