<?xml version="1.0" encoding="UTF-8"?>
<!-- Generated by org.testng.reporters.JUnitReportReporter -->
<testsuite hostname="DESKTOP-JL3SFV8" failures="0" tests="1" name="smoke.ProjectList" time="9.611" errors="0" timestamp="2024-08-11T19:29:35 IST" skipped="0">
  <testcase classname="smoke.ProjectList" name="proj" time="9.611"/>
</testsuite> <!-- smoke.ProjectList -->
