<?xml version="1.0" encoding="UTF-8"?>
<!-- Generated by org.testng.reporters.JUnitReportReporter -->
<testsuite hostname="DESKTOP-JL3SFV8" failures="0" tests="1" name="integration.Sce_7_Payroll" time="8.379" errors="0" timestamp="2024-08-11T11:58:40 IST" skipped="0">
  <testcase classname="integration.Sce_7_Payroll" name="payroll_Sce" time="8.379"/>
</testsuite> <!-- integration.Sce_7_Payroll -->
