<?xml version="1.0" encoding="UTF-8"?>
<!-- Generated by org.testng.reporters.JUnitReportReporter -->
<testsuite hostname="DESKTOP-JL3SFV8" failures="0" tests="1" name="integration.Sce_2_ProDD_DD" time="3.832" errors="0" timestamp="2024-08-09T20:49:36 IST" skipped="0">
  <testcase classname="integration.Sce_2_ProDD_DD" name="projDD_ddId" time="3.832"/>
</testsuite> <!-- integration.Sce_2_ProDD_DD -->
