<?xml version="1.0" encoding="UTF-8"?>
<!-- Generated by org.testng.reporters.JUnitReportReporter -->
<testsuite hostname="DESKTOP-JL3SFV8" failures="0" tests="1" name="integration.Sce_4_ProEdit" time="20.976" errors="0" timestamp="2024-08-12T09:46:12 IST" skipped="0">
  <testcase classname="integration.Sce_4_ProEdit" name="editProj" time="20.976"/>
</testsuite> <!-- integration.Sce_4_ProEdit -->
