<?xml version="1.0" encoding="UTF-8"?>
<!-- Generated by org.testng.reporters.JUnitReportReporter -->
<testsuite hostname="DESKTOP-JL3SFV8" failures="0" tests="1" name="userNameText.ValidUserName" time="18.181" errors="0" timestamp="2024-08-05T16:36:16 IST" skipped="0">
  <testcase classname="userNameText.ValidUserName" name="valiUN" time="18.181"/>
</testsuite> <!-- userNameText.ValidUserName -->
