<?xml version="1.0" encoding="UTF-8"?>
<!-- Generated by org.testng.reporters.JUnitReportReporter -->
<testsuite hostname="DESKTOP-JL3SFV8" failures="0" tests="1" name="userNameText.E2E_Scenario8" time="5.297" errors="0" timestamp="2024-08-09T14:47:54 IST" skipped="0">
  <testcase classname="userNameText.E2E_Scenario8" name="scenario8" time="5.297"/>
</testsuite> <!-- userNameText.E2E_Scenario8 -->
