<?xml version="1.0" encoding="UTF-8"?>
<!-- Generated by org.testng.reporters.JUnitReportReporter -->
<testsuite hostname="DESKTOP-JL3SFV8" failures="0" tests="1" name="integration.Sce_5_Resource_Dow_Add" time="8.671" errors="0" timestamp="2024-08-10T13:48:49 IST" skipped="0">
  <testcase classname="integration.Sce_5_Resource_Dow_Add" name="resources_Download_Add" time="8.671"/>
</testsuite> <!-- integration.Sce_5_Resource_Dow_Add -->
